<?xml version="1.0" encoding="UTF-8"?>
<!-- Generated by org.testng.reporters.JUnitReportReporter -->
<testsuite hostname="LAPTOP-REDH37E9" failures="0" tests="1" name="TestClass" time="0.009" errors="0" timestamp="2024-04-08T23:47:13 MSK" skipped="0">
  <testcase classname="TestClass" name="myFirstTest" time="0.009"/>
</testsuite> <!-- TestClass -->
